	Exporter version: 3.0.4, Blender version: 2.75 (sub 0)
========= Conversion from Blender to Babylon.js =========
	Python World class constructor completed
	processing begun of mesh:  FONDO
		WARNING: No materials have been assigned: 
		num positions      :  74
		num normals        :  74
		num uvs            :  0
		num uvs2           :  0
		num colors         :  0
		num indices        :  216
	processing begun of mesh:  LUZ
		WARNING: No materials have been assigned: 
		num positions      :  592
		num normals        :  592
		num uvs            :  0
		num uvs2           :  0
		num colors         :  0
		num indices        :  3240
		WARNING: # of 0 area faces found:  216
	processing begun of mesh:  CUERPO
		processing begun of Standard material:  Material
		Diffuse texture found
			Image texture found, type:  diffuseTexture, mapped using: "UVMap"
	Error encountered processing image file:  , Error:  'D:\\Users\\celgarci\\Documents\\Bomba\\texture1.png' and 'D:\\Users\\celgarci\\Documents\\Bomba\\texture1.png' are the same file
		num positions      :  1335
		num normals        :  1335
		num uvs            :  2670
		num uvs2           :  0
		num colors         :  0
		num indices        :  6696
	processing begun of camera (FreeCamera):  Camera
	processing begun of light (POINT):  Lamp
========= Writing of scene file started =========
========= Writing of scene file completed =========
========= end of processing =========
elapsed time:  0 min, 0.12 secs
